Using pre-set license
Built from '2020.3/staging' branch; Version is '2020.3.4f1 (0abb6314276a) revision 703331'; Using compiler version '192528614'; Build Type 'Release'
OS: 'Windows 10 Pro; OS build 19042.1237; Version 2009; 64bit' Language: 'ru' Physical Memory: 16326 MB
BatchMode: 1, IsHumanControllingUs: 0, StartBugReporterOnCrash: 0, Is64bit: 1, IsPro: 0

 COMMAND LINE ARGUMENTS:
D:\Unity\2020.3.4f1\Editor\Unity.exe
-adb2
-batchMode
-noUpm
-name
AssetImportWorker0
-projectPath
D:/Unity/2D_Game_1
-logFile
Logs/AssetImportWorker0.log
-srvPort
55962
Successfully changed project path to: D:/Unity/2D_Game_1
D:/Unity/2D_Game_1
Using Asset Import Pipeline V2.
Refreshing native plugins compatible for Editor in 36.64 ms, found 1 plugins.
Preloading 0 native plugins for Editor in 0.00 ms.
Initialize engine version: 2020.3.4f1 (0abb6314276a)
[Subsystems] Discovering subsystems at path D:/Unity/2020.3.4f1/Editor/Data/Resources/UnitySubsystems
[Subsystems] Discovering subsystems at path D:/Unity/2D_Game_1/Assets
GfxDevice: creating device client; threaded=0
Direct3D:
    Version:  Direct3D 11.0 [level 11.1]
    Renderer: NVIDIA GeForce GTX 1050 Ti (ID=0x1c82)
    Vendor:   
    VRAM:     4018 MB
    Driver:   30.0.14.7141
Initialize mono
Mono path[0] = 'D:/Unity/2020.3.4f1/Editor/Data/Managed'
Mono path[1] = 'D:/Unity/2020.3.4f1/Editor/Data/MonoBleedingEdge/lib/mono/unityjit'
Mono config path = 'D:/Unity/2020.3.4f1/Editor/Data/MonoBleedingEdge/etc'
Using monoOptions --debugger-agent=transport=dt_socket,embedding=1,server=y,suspend=n,address=127.0.0.1:56780
Begin MonoManager ReloadAssembly
Registering precompiled unity dll's ...
Register platform support module: D:/Unity/2020.3.4f1/Editor/Data/PlaybackEngines/WebGLSupport/UnityEditor.WebGL.Extensions.dll
Register platform support module: D:/Unity/2020.3.4f1/Editor/Data/PlaybackEngines/WindowsStandaloneSupport/UnityEditor.WindowsStandalone.Extensions.dll
Registered in 0.001885 seconds.
Native extension for WindowsStandalone target not found
Native extension for WebGL target not found
Refreshing native plugins compatible for Editor in 37.35 ms, found 1 plugins.
Preloading 0 native plugins for Editor in 0.00 ms.
Mono: successfully reloaded assembly
- Completed reload, in  0.960 seconds
Platform modules already initialized, skipping
Registering precompiled user dll's ...
Registered in 0.001021 seconds.
Begin MonoManager ReloadAssembly
Native extension for WindowsStandalone target not found
Native extension for WebGL target not found
Refreshing native plugins compatible for Editor in 35.38 ms, found 1 plugins.
Preloading 0 native plugins for Editor in 0.00 ms.
Mono: successfully reloaded assembly
- Completed reload, in  0.880 seconds
Platform modules already initialized, skipping
========================================================================
Worker process is ready to serve import requests
Launched and connected shader compiler UnityShaderCompiler.exe after 0.09 seconds
Refreshing native plugins compatible for Editor in 0.35 ms, found 1 plugins.
Preloading 0 native plugins for Editor in 0.00 ms.
Unloading 1812 Unused Serialized files (Serialized files now loaded: 0)
System memory in use before: 84.9 MB.
System memory in use after: 84.9 MB.

Unloading 24 unused Assets to reduce memory usage. Loaded Objects now: 2254.
Total: 2.036000 ms (FindLiveObjects: 0.183900 ms CreateObjectMapping: 0.085700 ms MarkObjects: 1.623500 ms  DeleteObjects: 0.141800 ms)

========================================================================
Received Import Request.
  path: Assets/Scripts
  artifactKey: Guid(726b12d4d5e96a14b966e4a4fddba8fd) Importer(815301076,1909f56bfc062723c751e8b465ee728b)
Start importing Assets/Scripts using Guid(726b12d4d5e96a14b966e4a4fddba8fd) Importer(815301076,1909f56bfc062723c751e8b465ee728b)  -> (artifact id: 'f6cd98919a32f1d8bdab9fa5c2cf88dd') in 0.007648 seconds
  Import took 0.010117 seconds .

========================================================================
Received Import Request.
  Time since last request: 6.329856 seconds.
  path: Assets/Scripts/Utils
  artifactKey: Guid(71f507b0903414742a77aaf716ec2971) Importer(815301076,1909f56bfc062723c751e8b465ee728b)
Start importing Assets/Scripts/Utils using Guid(71f507b0903414742a77aaf716ec2971) Importer(815301076,1909f56bfc062723c751e8b465ee728b)  -> (artifact id: '47a42e5c1ed675091e1ec628e4754ee9') in 0.005546 seconds
  Import took 0.020081 seconds .

========================================================================
Received Import Request.
  Time since last request: 10.088531 seconds.
  path: Assets/Scripts/Utils/Utils.cs
  artifactKey: Guid(bee9380d6a75c154fb9e5db752a7db82) Importer(815301076,1909f56bfc062723c751e8b465ee728b)
Start importing Assets/Scripts/Utils/Utils.cs using Guid(bee9380d6a75c154fb9e5db752a7db82) Importer(815301076,1909f56bfc062723c751e8b465ee728b)  -> (artifact id: 'b8edad5f9ae3ccfeae125b68afaaa3a6') in 0.056125 seconds
  Import took 0.071879 seconds .

========================================================================
Received Import Request.
  Time since last request: 495.187123 seconds.
  path: Assets/Scripts/Utils/Utils.cs
  artifactKey: Guid(bee9380d6a75c154fb9e5db752a7db82) Importer(815301076,1909f56bfc062723c751e8b465ee728b)
Start importing Assets/Scripts/Utils/Utils.cs using Guid(bee9380d6a75c154fb9e5db752a7db82) Importer(815301076,1909f56bfc062723c751e8b465ee728b)  -> (artifact id: '15e413d86cfe84dc270a1f2d80ed6462') in 0.002475 seconds
  Import took 0.020957 seconds .

========================================================================
Received Import Request.
  Time since last request: 77.610043 seconds.
  path: Assets/Scripts/Utils/Utils.cs
  artifactKey: Guid(bee9380d6a75c154fb9e5db752a7db82) Importer(815301076,1909f56bfc062723c751e8b465ee728b)
Start importing Assets/Scripts/Utils/Utils.cs using Guid(bee9380d6a75c154fb9e5db752a7db82) Importer(815301076,1909f56bfc062723c751e8b465ee728b)  -> (artifact id: '318fa217459948e0a910824ee95af2a9') in 0.007185 seconds
  Import took 0.010129 seconds .

========================================================================
Received Prepare
Registering precompiled user dll's ...
Registered in 0.028307 seconds.
Begin MonoManager ReloadAssembly
Native extension for WindowsStandalone target not found
Native extension for WebGL target not found
Refreshing native plugins compatible for Editor in 0.33 ms, found 1 plugins.
Preloading 0 native plugins for Editor in 0.00 ms.
Mono: successfully reloaded assembly
- Completed reload, in  0.780 seconds
Platform modules already initialized, skipping
Refreshing native plugins compatible for Editor in 0.34 ms, found 1 plugins.
Preloading 0 native plugins for Editor in 0.00 ms.
Unloading 1808 Unused Serialized files (Serialized files now loaded: 0)
System memory in use before: 84.9 MB.
System memory in use after: 84.9 MB.

Unloading 12 unused Assets to reduce memory usage. Loaded Objects now: 2259.
Total: 1.901700 ms (FindLiveObjects: 0.191000 ms CreateObjectMapping: 0.072900 ms MarkObjects: 1.503600 ms  DeleteObjects: 0.133000 ms)

========================================================================
Received Prepare
Registering precompiled user dll's ...
Registered in 0.000966 seconds.
Begin MonoManager ReloadAssembly
Native extension for WindowsStandalone target not found
Native extension for WebGL target not found
Refreshing native plugins compatible for Editor in 0.33 ms, found 1 plugins.
Preloading 0 native plugins for Editor in 0.00 ms.
Mono: successfully reloaded assembly
- Completed reload, in  0.778 seconds
Platform modules already initialized, skipping
Refreshing native plugins compatible for Editor in 0.35 ms, found 1 plugins.
Preloading 0 native plugins for Editor in 0.00 ms.
Unloading 1809 Unused Serialized files (Serialized files now loaded: 0)
System memory in use before: 85.0 MB.
System memory in use after: 84.9 MB.

Unloading 12 unused Assets to reduce memory usage. Loaded Objects now: 2264.
Total: 2.060100 ms (FindLiveObjects: 0.210000 ms CreateObjectMapping: 0.103200 ms MarkObjects: 1.639600 ms  DeleteObjects: 0.106400 ms)

========================================================================
Received Import Request.
  Time since last request: 177.908036 seconds.
  path: Assets/Scripts/Controllers/NewBehaviourScript.cs
  artifactKey: Guid(88909a1fcce7208418fea555a33b1f7c) Importer(815301076,1909f56bfc062723c751e8b465ee728b)
Start importing Assets/Scripts/Controllers/NewBehaviourScript.cs using Guid(88909a1fcce7208418fea555a33b1f7c) Importer(815301076,1909f56bfc062723c751e8b465ee728b)  -> (artifact id: '2b5ff353e57cd6b694747bdcfcd8efb3') in 0.006623 seconds
  Import took 0.009166 seconds .

========================================================================
Received Import Request.
  Time since last request: 134.410402 seconds.
  path: Assets/Scripts/Controllers/PlayerController.cs
  artifactKey: Guid(88909a1fcce7208418fea555a33b1f7c) Importer(815301076,1909f56bfc062723c751e8b465ee728b)
Start importing Assets/Scripts/Controllers/PlayerController.cs using Guid(88909a1fcce7208418fea555a33b1f7c) Importer(815301076,1909f56bfc062723c751e8b465ee728b)  -> (artifact id: '6c34d73ed4eed25793c48bbd2e7ccc5b') in 0.023764 seconds
  Import took 0.027328 seconds .

========================================================================
Received Prepare
Registering precompiled user dll's ...
Registered in 0.001518 seconds.
Begin MonoManager ReloadAssembly
Native extension for WindowsStandalone target not found
Native extension for WebGL target not found
Refreshing native plugins compatible for Editor in 0.33 ms, found 1 plugins.
Preloading 0 native plugins for Editor in 0.00 ms.
Mono: successfully reloaded assembly
- Completed reload, in  0.866 seconds
Platform modules already initialized, skipping
Refreshing native plugins compatible for Editor in 0.38 ms, found 1 plugins.
Preloading 0 native plugins for Editor in 0.00 ms.
Unloading 1809 Unused Serialized files (Serialized files now loaded: 0)
System memory in use before: 85.0 MB.
System memory in use after: 85.0 MB.

Unloading 12 unused Assets to reduce memory usage. Loaded Objects now: 2268.
Total: 1.991000 ms (FindLiveObjects: 0.199900 ms CreateObjectMapping: 0.125600 ms MarkObjects: 1.526800 ms  DeleteObjects: 0.137600 ms)

AssetImportWorkerClient::OnTransportError - code=2 error=End of file
